[
  {
    "level_": 0,
    "message_": "android.ndkVersion from module build.gradle is [not set]",
    "file_": "",
    "tag_": "",
    "diagnosticCode_": 0,
    "memoizedIsInitialized": 1,
    "unknownFields": {
      "fields": {},
      "fieldsDescending": {}
    },
    "memoizedSize": -1,
    "memoizedHashCode": -1980260119
  },
  {
    "level_": 0,
    "message_": "android.ndkPath from module build.gradle is not set",
    "file_": "",
    "tag_": "",
    "diagnosticCode_": 0,
    "memoizedIsInitialized": 1,
    "unknownFields": {
      "fields": {},
      "fieldsDescending": {}
    },
    "memoizedSize": -1,
    "memoizedHashCode": -1188072016
  },
  {
    "level_": 0,
    "message_": "ndk.dir in local.properties is D:\\ndk\\android-ndk-r25c",
    "file_": "",
    "tag_": "",
    "diagnosticCode_": 0,
    "memoizedIsInitialized": 1,
    "unknownFields": {
      "fields": {},
      "fieldsDescending": {}
    },
    "memoizedSize": -1,
    "memoizedHashCode": 685339205
  },
  {
    "level_": 0,
    "message_": "Not considering ANDROID_NDK_HOME because support was removed after deprecation period.",
    "file_": "",
    "tag_": "",
    "diagnosticCode_": 0,
    "memoizedIsInitialized": 1,
    "unknownFields": {
      "fields": {},
      "fieldsDescending": {}
    },
    "memoizedSize": -1,
    "memoizedHashCode": 1379203247
  },
  {
    "level_": 0,
    "message_": "sdkFolder is C:\\Users\\Pradeep Mishra\\AppData\\Local\\Android\\Sdk",
    "file_": "",
    "tag_": "",
    "diagnosticCode_": 0,
    "memoizedIsInitialized": 1,
    "unknownFields": {
      "fields": {},
      "fieldsDescending": {}
    },
    "memoizedSize": -1,
    "memoizedHashCode": -1212272670
  },
  {
    "level_": 0,
    "message_": "Because no explicit NDK was requested, the default version [21.4.7075529] for this Android Gradle Plugin will be used",
    "file_": "",
    "tag_": "",
    "diagnosticCode_": 0,
    "memoizedIsInitialized": 1,
    "unknownFields": {
      "fields": {},
      "fieldsDescending": {}
    },
    "memoizedSize": -1,
    "memoizedHashCode": 822493884
  },
  {
    "level_": 0,
    "message_": "Checking whether deleting ndk.dir and setting android.ndkVersion to [25.2.9519653] would result in the same NDK",
    "file_": "",
    "tag_": "",
    "diagnosticCode_": 0,
    "memoizedIsInitialized": 1,
    "unknownFields": {
      "fields": {},
      "fieldsDescending": {}
    },
    "memoizedSize": -1,
    "memoizedHashCode": -1847284564
  },
  {
    "level_": 0,
    "message_": "android.ndkVersion from module build.gradle is [25.2.9519653]",
    "file_": "",
    "tag_": "ndk.dir delete check",
    "diagnosticCode_": 0,
    "memoizedIsInitialized": 1,
    "unknownFields": {
      "fields": {},
      "fieldsDescending": {}
    },
    "memoizedSize": -1,
    "memoizedHashCode": 631402284
  },
  {
    "level_": 0,
    "message_": "android.ndkPath from module build.gradle is not set",
    "file_": "",
    "tag_": "ndk.dir delete check",
    "diagnosticCode_": 0,
    "memoizedIsInitialized": 1,
    "unknownFields": {
      "fields": {},
      "fieldsDescending": {}
    },
    "memoizedSize": -1,
    "memoizedHashCode": -1564345493
  },
  {
    "level_": 0,
    "message_": "ndk.dir in local.properties is not set",
    "file_": "",
    "tag_": "ndk.dir delete check",
    "diagnosticCode_": 0,
    "memoizedIsInitialized": 1,
    "unknownFields": {
      "fields": {},
      "fieldsDescending": {}
    },
    "memoizedSize": -1,
    "memoizedHashCode": -859884300
  },
  {
    "level_": 0,
    "message_": "Not considering ANDROID_NDK_HOME because support was removed after deprecation period.",
    "file_": "",
    "tag_": "ndk.dir delete check",
    "diagnosticCode_": 0,
    "memoizedIsInitialized": 1,
    "unknownFields": {
      "fields": {},
      "fieldsDescending": {}
    },
    "memoizedSize": -1,
    "memoizedHashCode": 1002929770
  },
  {
    "level_": 0,
    "message_": "sdkFolder is C:\\Users\\Pradeep Mishra\\AppData\\Local\\Android\\Sdk",
    "file_": "",
    "tag_": "ndk.dir delete check",
    "diagnosticCode_": 0,
    "memoizedIsInitialized": 1,
    "unknownFields": {
      "fields": {},
      "fieldsDescending": {}
    },
    "memoizedSize": -1,
    "memoizedHashCode": -1588546147
  },
  {
    "level_": 0,
    "message_": "NDK at C:\\Users\\Pradeep Mishra\\AppData\\Local\\Android\\Sdk\\ndk\\25.2.9519653 did not have a source.properties file",
    "file_": "",
    "tag_": "ndk.dir delete check",
    "diagnosticCode_": 1101,
    "memoizedIsInitialized": 1,
    "unknownFields": {
      "fields": {},
      "fieldsDescending": {}
    },
    "memoizedSize": -1,
    "memoizedHashCode": 95079835
  },
  {
    "level_": 0,
    "message_": "Folder C:\\Users\\Pradeep Mishra\\AppData\\Local\\Android\\Sdk\\ndk\\25.2.9519653 does not exist. Ignoring.",
    "file_": "",
    "tag_": "ndk.dir delete check",
    "diagnosticCode_": 0,
    "memoizedIsInitialized": 1,
    "unknownFields": {
      "fields": {},
      "fieldsDescending": {}
    },
    "memoizedSize": -1,
    "memoizedHashCode": 339094553
  },
  {
    "level_": 0,
    "message_": "Folder C:\\Users\\Pradeep Mishra\\AppData\\Local\\Android\\Sdk\\ndk-bundle does not exist. Ignoring.",
    "file_": "",
    "tag_": "ndk.dir delete check",
    "diagnosticCode_": 0,
    "memoizedIsInitialized": 1,
    "unknownFields": {
      "fields": {},
      "fieldsDescending": {}
    },
    "memoizedSize": -1,
    "memoizedHashCode": -417911221
  },
  {
    "level_": 0,
    "message_": "Deleting ndk.dir and setting android.ndkVersion to [25.2.9519653] would *not* result in the same NDK.",
    "file_": "",
    "tag_": "ndk.dir delete check",
    "diagnosticCode_": 0,
    "memoizedIsInitialized": 1,
    "unknownFields": {
      "fields": {},
      "fieldsDescending": {}
    },
    "memoizedSize": -1,
    "memoizedHashCode": -902004899
  },
  {
    "level_": 2,
    "message_": "NDK was located by using ndk.dir property. This method is deprecated and will be removed in a future release. Please use android.ndkVersion or android.ndkPath in build.gradle to specify the NDK to use. https://developer.android.com/r/studio-ui/ndk-dir",
    "file_": "",
    "tag_": "",
    "diagnosticCode_": 5106,
    "memoizedIsInitialized": 1,
    "unknownFields": {
      "fields": {},
      "fieldsDescending": {}
    },
    "memoizedSize": -1,
    "memoizedHashCode": -620909600
  }
]